2025-06-22 09:38:19,620 INFO notifyConnectTimeout:200

2025-06-22 09:38:19,623 INFO notifySocketTimeout:8000

2025-06-22 09:38:19,624 INFO isHealthCheck:true

2025-06-22 09:38:19,624 INFO maxHealthCheckFailCount:12

2025-06-22 09:38:19,624 INFO maxContent:10485760

2025-06-22 09:38:28,582 INFO use local db service for init

2025-06-22 09:38:30,436 WARN Lexical error at line 4, column 66.  Encountered: <EOF> after : "".

2025-06-22 09:38:30,484 WARN Syntax error: Encountered "*" at line 1, column 1.

2025-06-22 09:38:30,846 WARN Lexical error at line 4, column 13.  Encountered: "`" (96), after : "".

2025-06-22 09:38:30,846 WARN Lexical error at line 1, column 13.  Encountered: "`" (96), after : "".

2025-06-22 09:38:30,847 WARN Lexical error at line 1, column 13.  Encountered: "`" (96), after : "".

2025-06-22 09:38:30,847 WARN Lexical error at line 1, column 13.  Encountered: "`" (96), after : "".

2025-06-22 09:38:30,847 INFO use StandaloneDatabaseOperateImpl

2025-06-22 09:38:32,537 WARN DumpService start

2025-06-22 09:38:32,538 INFO start clear all config-info.

2025-06-22 09:38:32,539 WARN clear all config-info failed.

2025-06-22 09:38:32,540 WARN clear all config-info-tenant failed.

2025-06-22 09:38:32,748 INFO start clear all config-info-beta.

2025-06-22 09:38:32,748 WARN clear all config-info-beta failed.

2025-06-22 09:38:32,748 WARN clear all config-info-beta-tenant failed.

2025-06-22 09:38:32,764 INFO start clear all config-info-tag.

2025-06-22 09:38:32,764 WARN clear all config-info-tag failed.

2025-06-22 09:38:32,764 WARN clear all config-info-tag-tenant failed.

2025-06-22 10:58:04,890 INFO notifyConnectTimeout:200

2025-06-22 10:58:04,893 INFO notifySocketTimeout:8000

2025-06-22 10:58:04,893 INFO isHealthCheck:true

2025-06-22 10:58:04,893 INFO maxHealthCheckFailCount:12

2025-06-22 10:58:04,893 INFO maxContent:10485760

2025-06-22 10:58:13,824 INFO use local db service for init

2025-06-22 10:58:14,968 WARN Lexical error at line 4, column 66.  Encountered: <EOF> after : "".

2025-06-22 10:58:14,999 WARN Syntax error: Encountered "*" at line 1, column 1.

2025-06-22 10:58:15,046 WARN Table/View 'CONFIG_INFO' already exists in Schema 'NACOS'.

2025-06-22 10:58:15,112 WARN Table/View 'HIS_CONFIG_INFO' already exists in Schema 'NACOS'.

2025-06-22 10:58:15,131 WARN Table/View 'CONFIG_INFO_BETA' already exists in Schema 'NACOS'.

2025-06-22 10:58:15,144 WARN Table/View 'CONFIG_INFO_TAG' already exists in Schema 'NACOS'.

2025-06-22 10:58:15,156 WARN Table/View 'CONFIG_INFO_AGGR' already exists in Schema 'NACOS'.

2025-06-22 10:58:15,171 WARN Table/View 'APP_LIST' already exists in Schema 'NACOS'.

2025-06-22 10:58:15,182 WARN Table/View 'APP_CONFIGDATA_RELATION_SUBS' already exists in Schema 'NACOS'.

2025-06-22 10:58:15,194 WARN Table/View 'APP_CONFIGDATA_RELATION_PUBS' already exists in Schema 'NACOS'.

2025-06-22 10:58:15,208 WARN Table/View 'CONFIG_TAGS_RELATION' already exists in Schema 'NACOS'.

2025-06-22 10:58:15,222 WARN Table/View 'GROUP_CAPACITY' already exists in Schema 'NACOS'.

2025-06-22 10:58:15,240 WARN Table/View 'TENANT_CAPACITY' already exists in Schema 'NACOS'.

2025-06-22 10:58:15,252 WARN Table/View 'TENANT_INFO' already exists in Schema 'NACOS'.

2025-06-22 10:58:15,266 WARN Table/View 'USERS' already exists in Schema 'NACOS'.

2025-06-22 10:58:15,277 WARN Table/View 'ROLES' already exists in Schema 'NACOS'.

2025-06-22 10:58:15,286 WARN Table/View 'PERMISSIONS' already exists in Schema 'NACOS'.

2025-06-22 10:58:15,369 WARN The statement was aborted because it would have caused a duplicate key value in a unique or primary key constraint or unique index identified by 'SQL250622093830740' defined on 'USERS'.

2025-06-22 10:58:15,381 WARN The statement was aborted because it would have caused a duplicate key value in a unique or primary key constraint or unique index identified by 'UK_USERNAME_ROLE' defined on 'ROLES'.

2025-06-22 10:58:15,381 WARN Lexical error at line 4, column 13.  Encountered: "`" (96), after : "".

2025-06-22 10:58:15,381 WARN Lexical error at line 1, column 13.  Encountered: "`" (96), after : "".

2025-06-22 10:58:15,382 WARN Lexical error at line 1, column 13.  Encountered: "`" (96), after : "".

2025-06-22 10:58:15,382 WARN Lexical error at line 1, column 13.  Encountered: "`" (96), after : "".

2025-06-22 10:58:15,383 INFO use StandaloneDatabaseOperateImpl

2025-06-22 10:58:16,586 WARN DumpService start

2025-06-22 10:58:16,587 INFO start clear all config-info.

2025-06-22 10:58:16,588 WARN clear all config-info failed.

2025-06-22 10:58:16,588 WARN clear all config-info-tenant failed.

2025-06-22 10:58:16,629 INFO start clear all config-info-beta.

2025-06-22 10:58:16,629 WARN clear all config-info-beta failed.

2025-06-22 10:58:16,629 WARN clear all config-info-beta-tenant failed.

2025-06-22 10:58:16,749 INFO start clear all config-info-tag.

2025-06-22 10:58:16,749 WARN clear all config-info-tag failed.

2025-06-22 10:58:16,749 WARN clear all config-info-tag-tenant failed.

2025-06-22 15:03:38,413 INFO notifyConnectTimeout:200

2025-06-22 15:03:38,416 INFO notifySocketTimeout:8000

2025-06-22 15:03:38,416 INFO isHealthCheck:true

2025-06-22 15:03:38,416 INFO maxHealthCheckFailCount:12

2025-06-22 15:03:38,416 INFO maxContent:10485760

2025-06-22 15:03:46,990 INFO use local db service for init

2025-06-22 15:03:48,063 WARN Lexical error at line 4, column 66.  Encountered: <EOF> after : "".

2025-06-22 15:03:48,095 WARN Syntax error: Encountered "*" at line 1, column 1.

2025-06-22 15:03:48,142 WARN Table/View 'CONFIG_INFO' already exists in Schema 'NACOS'.

2025-06-22 15:03:48,209 WARN Table/View 'HIS_CONFIG_INFO' already exists in Schema 'NACOS'.

2025-06-22 15:03:48,227 WARN Table/View 'CONFIG_INFO_BETA' already exists in Schema 'NACOS'.

2025-06-22 15:03:48,238 WARN Table/View 'CONFIG_INFO_TAG' already exists in Schema 'NACOS'.

2025-06-22 15:03:48,251 WARN Table/View 'CONFIG_INFO_AGGR' already exists in Schema 'NACOS'.

2025-06-22 15:03:48,268 WARN Table/View 'APP_LIST' already exists in Schema 'NACOS'.

2025-06-22 15:03:48,279 WARN Table/View 'APP_CONFIGDATA_RELATION_SUBS' already exists in Schema 'NACOS'.

2025-06-22 15:03:48,290 WARN Table/View 'APP_CONFIGDATA_RELATION_PUBS' already exists in Schema 'NACOS'.

2025-06-22 15:03:48,302 WARN Table/View 'CONFIG_TAGS_RELATION' already exists in Schema 'NACOS'.

2025-06-22 15:03:48,316 WARN Table/View 'GROUP_CAPACITY' already exists in Schema 'NACOS'.

2025-06-22 15:03:48,328 WARN Table/View 'TENANT_CAPACITY' already exists in Schema 'NACOS'.

2025-06-22 15:03:48,338 WARN Table/View 'TENANT_INFO' already exists in Schema 'NACOS'.

2025-06-22 15:03:48,351 WARN Table/View 'USERS' already exists in Schema 'NACOS'.

2025-06-22 15:03:48,364 WARN Table/View 'ROLES' already exists in Schema 'NACOS'.

2025-06-22 15:03:48,379 WARN Table/View 'PERMISSIONS' already exists in Schema 'NACOS'.

2025-06-22 15:03:48,485 WARN The statement was aborted because it would have caused a duplicate key value in a unique or primary key constraint or unique index identified by 'SQL250622093830740' defined on 'USERS'.

2025-06-22 15:03:48,499 WARN The statement was aborted because it would have caused a duplicate key value in a unique or primary key constraint or unique index identified by 'UK_USERNAME_ROLE' defined on 'ROLES'.

2025-06-22 15:03:48,499 WARN Lexical error at line 4, column 13.  Encountered: "`" (96), after : "".

2025-06-22 15:03:48,499 WARN Lexical error at line 1, column 13.  Encountered: "`" (96), after : "".

2025-06-22 15:03:48,499 WARN Lexical error at line 1, column 13.  Encountered: "`" (96), after : "".

2025-06-22 15:03:48,500 WARN Lexical error at line 1, column 13.  Encountered: "`" (96), after : "".

2025-06-22 15:03:48,500 INFO use StandaloneDatabaseOperateImpl

2025-06-22 15:03:49,904 WARN DumpService start

2025-06-22 15:03:49,905 INFO start clear all config-info.

2025-06-22 15:03:49,906 WARN clear all config-info failed.

2025-06-22 15:03:49,906 WARN clear all config-info-tenant failed.

2025-06-22 15:03:49,968 INFO start clear all config-info-beta.

2025-06-22 15:03:49,968 WARN clear all config-info-beta failed.

2025-06-22 15:03:49,968 WARN clear all config-info-beta-tenant failed.

2025-06-22 15:03:49,979 INFO start clear all config-info-tag.

2025-06-22 15:03:49,979 WARN clear all config-info-tag failed.

2025-06-22 15:03:49,979 WARN clear all config-info-tag-tenant failed.

