2025-06-22 09:38:32,904 INFO Init loader limit rule from local,rule=

2025-06-22 09:38:32,974 INFO [ClientConnectionEventListenerRegistry] registry listener - ConfigConnectionEventListener

2025-06-22 09:38:32,996 INFO [ClientConnectionEventListenerRegistry] registry listener - RpcAckCallbackInitorOrCleaner

2025-06-22 09:38:33,279 INFO Nacos GrpcSdkServer Rpc server starting at port 9848

2025-06-22 09:38:34,299 INFO Nacos GrpcSdkServer Rpc server started at port 9848

2025-06-22 09:38:34,300 INFO Nacos GrpcClusterServer Rpc server starting at port 9849

2025-06-22 09:38:34,302 INFO Nacos GrpcClusterServer Rpc server started at port 9849

2025-06-22 09:38:34,335 INFO [ClientConnectionEventListenerRegistry] registry listener - ConnectionBasedClientManager

2025-06-22 09:41:29,122 INFO Nacos GrpcSdkServer Rpc server stopping

2025-06-22 09:41:29,122 INFO Nacos GrpcClusterServer Rpc server stopping

2025-06-22 09:41:29,125 INFO Nacos GrpcSdkServer Rpc server stopped successfully...

2025-06-22 09:41:29,128 INFO Nacos GrpcClusterServer Rpc server stopped successfully...

2025-06-22 10:58:16,864 INFO Init loader limit rule from local,rule=

2025-06-22 10:58:16,912 INFO [ClientConnectionEventListenerRegistry] registry listener - ConfigConnectionEventListener

2025-06-22 10:58:16,926 INFO [ClientConnectionEventListenerRegistry] registry listener - RpcAckCallbackInitorOrCleaner

2025-06-22 10:58:17,142 INFO Nacos GrpcSdkServer Rpc server starting at port 9848

2025-06-22 10:58:17,885 INFO Nacos GrpcSdkServer Rpc server started at port 9848

2025-06-22 10:58:17,886 INFO Nacos GrpcClusterServer Rpc server starting at port 9849

2025-06-22 10:58:17,887 INFO Nacos GrpcClusterServer Rpc server started at port 9849

2025-06-22 10:58:17,907 INFO [ClientConnectionEventListenerRegistry] registry listener - ConnectionBasedClientManager

2025-06-22 15:03:50,247 INFO Init loader limit rule from local,rule=

2025-06-22 15:03:50,323 INFO [ClientConnectionEventListenerRegistry] registry listener - ConfigConnectionEventListener

2025-06-22 15:03:50,354 INFO [ClientConnectionEventListenerRegistry] registry listener - RpcAckCallbackInitorOrCleaner

2025-06-22 15:03:50,669 INFO Nacos GrpcSdkServer Rpc server starting at port 9848

2025-06-22 15:03:51,612 INFO Nacos GrpcSdkServer Rpc server started at port 9848

2025-06-22 15:03:51,613 INFO Nacos GrpcClusterServer Rpc server starting at port 9849

2025-06-22 15:03:51,615 INFO Nacos GrpcClusterServer Rpc server started at port 9849

2025-06-22 15:03:51,637 INFO [ClientConnectionEventListenerRegistry] registry listener - ConnectionBasedClientManager

